Unity Editor version:    2020.3.23f1 (c5d91304a876)
Branch:                  2020.3/staging
Build type:              Release
Batch mode:              YES
macOS version:           Version 11.6 (Build 20G165)
Darwin version:          20.6.0
Architecture:            x86_64
Running under Rosetta:   NO
Available memory:        8192 MB
Using pre-set license
Pro License: NO

COMMAND LINE ARGUMENTS:
/Applications/Unity/Hub/Editor/2020.3.23f1/Unity.app/Contents/MacOS/Unity
-adb2
-batchMode
-noUpm
-name
AssetImportWorker0
-projectPath
/Users/neilnicholson/Documents/GitHub/game601-fall2021/New Unity Project
-logFile
Logs/AssetImportWorker0.log
-srvPort
50278
Successfully changed project path to: /Users/neilnicholson/Documents/GitHub/game601-fall2021/New Unity Project
/Users/neilnicholson/Documents/GitHub/game601-fall2021/New Unity Project
Using Asset Import Pipeline V2.
Refreshing native plugins compatible for Editor in 49.48 ms, found 2 plugins.
Preloading 0 native plugins for Editor in 0.00 ms.
Initialize engine version: 2020.3.23f1 (c5d91304a876)
[Subsystems] Discovering subsystems at path /Applications/Unity/Hub/Editor/2020.3.23f1/Unity.app/Contents/Resources/UnitySubsystems
[Subsystems] Discovering subsystems at path /Users/neilnicholson/Documents/GitHub/game601-fall2021/New Unity Project/Assets
GfxDevice: creating device client; threaded=0
2021-11-23 19:05:36.538 Unity[2815:229935] Color LCD preferred device: Intel(R) Iris(TM) Plus Graphics 640 (low power)
2021-11-23 19:05:36.538 Unity[2815:229935] Metal devices available: 1
2021-11-23 19:05:36.538 Unity[2815:229935] 0: Intel(R) Iris(TM) Plus Graphics 640 (low power)
2021-11-23 19:05:36.538 Unity[2815:229935] Using device Intel(R) Iris(TM) Plus Graphics 640 (low power)
Initializing Metal device caps: Intel(R) Iris(TM) Plus Graphics 640
Initialize mono
Mono path[0] = '/Applications/Unity/Hub/Editor/2020.3.23f1/Unity.app/Contents/Managed'
Mono path[1] = '/Applications/Unity/Hub/Editor/2020.3.23f1/Unity.app/Contents/MonoBleedingEdge/lib/mono/unityjit'
Mono config path = '/Applications/Unity/Hub/Editor/2020.3.23f1/Unity.app/Contents/MonoBleedingEdge/etc'
Using monoOptions --debugger-agent=transport=dt_socket,embedding=1,server=y,suspend=n,address=127.0.0.1:56815
Begin MonoManager ReloadAssembly
Registering precompiled unity dll's ...
Register platform support module: /Applications/Unity/Hub/Editor/2020.3.23f1/PlaybackEngines/WebGLSupport/UnityEditor.WebGL.Extensions.dll
Register platform support module: /Applications/Unity/Hub/Editor/2020.3.23f1/Unity.app/Contents/PlaybackEngines/MacStandaloneSupport/UnityEditor.OSXStandalone.Extensions.dll
Register platform support module: /Applications/Unity/Hub/Editor/2020.3.23f1/PlaybackEngines/WindowsStandaloneSupport/UnityEditor.WindowsStandalone.Extensions.dll
Registered in 0.011817 seconds.
Native extension for WindowsStandalone target not found
Native extension for OSXStandalone target not found
Native extension for WebGL target not found
Refreshing native plugins compatible for Editor in 38.45 ms, found 2 plugins.
Preloading 0 native plugins for Editor in 0.00 ms.
Mono: successfully reloaded assembly
- Completed reload, in  0.786 seconds
Domain Reload Profiling:
	ReloadAssembly (786ms)
		BeginReloadAssembly (55ms)
			ExecutionOrderSort (0ms)
			DisableScriptedObjects (0ms)
			BackupInstance (0ms)
			ReleaseScriptingObjects (0ms)
			CreateAndSetChildDomain (1ms)
		EndReloadAssembly (626ms)
			LoadAssemblies (62ms)
			RebuildTransferFunctionScriptingTraits (0ms)
			SetupTypeCache (230ms)
			ReleaseScriptCaches (0ms)
			RebuildScriptCaches (48ms)
			SetupLoadedEditorAssemblies (232ms)
				LogAssemblyErrors (0ms)
				InitializePlatformSupportModulesInManaged (12ms)
				SetLoadedEditorAssemblies (0ms)
				RefreshPlugins (39ms)
				BeforeProcessingInitializeOnLoad (12ms)
				ProcessInitializeOnLoadAttributes (129ms)
				ProcessInitializeOnLoadMethodAttributes (40ms)
				AfterProcessingInitializeOnLoad (0ms)
				EditorAssembliesLoaded (0ms)
			ExecutionOrderSort2 (0ms)
			AwakeInstancesAfterBackupRestoration (0ms)
Platform modules already initialized, skipping
Registering precompiled user dll's ...
Registered in 0.013561 seconds.
Begin MonoManager ReloadAssembly
Native extension for WindowsStandalone target not found
Native extension for OSXStandalone target not found
Native extension for WebGL target not found
Refreshing native plugins compatible for Editor in 0.45 ms, found 2 plugins.
Preloading 0 native plugins for Editor in 0.00 ms.
Mono: successfully reloaded assembly
- Completed reload, in  1.405 seconds
Domain Reload Profiling:
	ReloadAssembly (1407ms)
		BeginReloadAssembly (190ms)
			ExecutionOrderSort (0ms)
			DisableScriptedObjects (6ms)
			BackupInstance (0ms)
			ReleaseScriptingObjects (0ms)
			CreateAndSetChildDomain (38ms)
		EndReloadAssembly (1134ms)
			LoadAssemblies (137ms)
			RebuildTransferFunctionScriptingTraits (0ms)
			SetupTypeCache (409ms)
			ReleaseScriptCaches (0ms)
			RebuildScriptCaches (66ms)
			SetupLoadedEditorAssemblies (387ms)
				LogAssemblyErrors (0ms)
				InitializePlatformSupportModulesInManaged (6ms)
				SetLoadedEditorAssemblies (1ms)
				RefreshPlugins (0ms)
				BeforeProcessingInitializeOnLoad (82ms)
				ProcessInitializeOnLoadAttributes (272ms)
				ProcessInitializeOnLoadMethodAttributes (23ms)
				AfterProcessingInitializeOnLoad (2ms)
				EditorAssembliesLoaded (0ms)
			ExecutionOrderSort2 (0ms)
			AwakeInstancesAfterBackupRestoration (8ms)
Platform modules already initialized, skipping
Validating Project structure ... 0.003279 seconds.
Shader import version has changed; will reimport all shaders...
Upgrading shader files ...0.004217 seconds.
Application.AssetDatabase Initial Script Refresh Start
RefreshInfo: InitialScriptRefreshV2(NoUpdateAssetOptions) scanfilter:  ... 1 filters
RefreshProfiler: Total: 0.000ms
Application.AssetDatabase Initial Script Refresh End
Application.AssetDatabase.Refresh Start
Application.AssetDatabase.Refresh End
RefreshInfo: StopAssetImportingV2(ForceSynchronousImport) scanfilter: 
RefreshProfiler: Total: 0.000ms
Launching external process: /Applications/Unity/Hub/Editor/2020.3.23f1/Unity.app/Contents/Tools/UnityShaderCompiler
Launched and connected shader compiler UnityShaderCompiler after 0.03 seconds
Initializing Unity extensions:
========================================================================
Worker process is ready to serve import requests
Refreshing native plugins compatible for Editor in 0.44 ms, found 2 plugins.
Preloading 0 native plugins for Editor in 0.00 ms.
Unloading 1598 Unused Serialized files (Serialized files now loaded: 0)
System memory in use before: 176.7 MB.
System memory in use after: 176.4 MB.

Unloading 87 unused Assets to reduce memory usage. Loaded Objects now: 2090.
Total: 3.122606 ms (FindLiveObjects: 0.193645 ms CreateObjectMapping: 0.054189 ms MarkObjects: 2.674282 ms  DeleteObjects: 0.199842 ms)

AssetImportParameters requested are different than current active one (requested -> active):
  custom:video-decoder-ogg-theora: a1e56fd34408186e4bbccfd4996cb3dc -> 
  custom:container-muxer-webm: aa71ff27fc2769a1b78a27578f13a17b -> 
  custom:container-demuxer-webm: 4f35f7cbe854078d1ac9338744f61a02 -> 
  custom:container-demuxer-ogg: 62fdf1f143b41e24485cea50d1cbac27 -> 
  custom:video-encoder-webm-vp8: eb34c28f22e8b96e1ab97ce403110664 -> 
  custom:framework-osx-AVFoundation: e770b220cccbd017edd2c1fefb359320 -> 
  custom:video-decoder-webm-vp8: 9c59270c3fd7afecdb556c50c9e8de78 -> 
  custom:audio-decoder-ogg-vorbis: bf7c407c2cedff20999df2af8eb42d56 -> 
  custom:audio-encoder-webm-vorbis: bf7c407c2cedff20999df2af8eb42d56 -> 
========================================================================
Received Import Request.
  path: Assets/Scenes/stra game/Untitled drawing (2).png
  artifactKey: Guid(09d399396cd414bd19ea611cd11ad4cc) Importer(815301076,1909f56bfc062723c751e8b465ee728b)
Start importing Assets/Scenes/stra game/Untitled drawing (2).png using Guid(09d399396cd414bd19ea611cd11ad4cc) Importer(815301076,1909f56bfc062723c751e8b465ee728b)  -> (artifact id: '1aee8b1f8ca57c7d0b2e19c2499ecddd') in 1.197654 seconds 
  Import took 1.205401 seconds .

========================================================================
Received Import Request.
  Time since last request: 0.000397 seconds.
  path: Assets/Scenes/stra game/Lines.mat
  artifactKey: Guid(ab7726d2b299c4e22935f02a801d81d8) Importer(815301076,1909f56bfc062723c751e8b465ee728b)
Start importing Assets/Scenes/stra game/Lines.mat using Guid(ab7726d2b299c4e22935f02a801d81d8) Importer(815301076,1909f56bfc062723c751e8b465ee728b)  -> (artifact id: '2c01ea24fce671830b9ae1a64cff5cc6') in 1.977643 seconds 
  Import took 1.985026 seconds .

========================================================================
Received Import Request.
  Time since last request: 0.000340 seconds.
  path: Assets/Scenes/stra game/target 1.png
  artifactKey: Guid(28e8ae6926c96458596fe68986e48ee5) Importer(815301076,1909f56bfc062723c751e8b465ee728b)
Start importing Assets/Scenes/stra game/target 1.png using Guid(28e8ae6926c96458596fe68986e48ee5) Importer(815301076,1909f56bfc062723c751e8b465ee728b)  -> (artifact id: 'd7f14bf6dc7519bbe10d9e3cec579d9a') in 0.026004 seconds 
  Import took 0.030112 seconds .

========================================================================
Received Import Request.
  Time since last request: 0.000578 seconds.
  path: Assets/Scenes/stra game/New Material.mat
  artifactKey: Guid(fd55c4076645d4deab4f60a1f0c7483f) Importer(815301076,1909f56bfc062723c751e8b465ee728b)
Start importing Assets/Scenes/stra game/New Material.mat using Guid(fd55c4076645d4deab4f60a1f0c7483f) Importer(815301076,1909f56bfc062723c751e8b465ee728b)  -> (artifact id: 'fc065c091bf9527b3ec69f8d08305ce9') in 0.013069 seconds 
  Import took 0.017369 seconds .

========================================================================
Received Import Request.
  Time since last request: 0.000663 seconds.
  path: Assets/Scenes/stra game/New Material 1.mat
  artifactKey: Guid(beaa75e6085e64b4386f3eccf0fc4c81) Importer(815301076,1909f56bfc062723c751e8b465ee728b)
Start importing Assets/Scenes/stra game/New Material 1.mat using Guid(beaa75e6085e64b4386f3eccf0fc4c81) Importer(815301076,1909f56bfc062723c751e8b465ee728b)  -> (artifact id: '1f8dbf93c148e4adeecc2199760230be') in 0.011589 seconds 
  Import took 0.016657 seconds .

========================================================================
Received Import Request.
  Time since last request: 0.000329 seconds.
  path: Assets/Scenes/stra game/New Material 2.mat
  artifactKey: Guid(441edf2451a834404a1f217d2dbd6879) Importer(815301076,1909f56bfc062723c751e8b465ee728b)
Start importing Assets/Scenes/stra game/New Material 2.mat using Guid(441edf2451a834404a1f217d2dbd6879) Importer(815301076,1909f56bfc062723c751e8b465ee728b)  -> (artifact id: 'ce954b6460faf1124ec9f44e7a240df8') in 0.011131 seconds 
  Import took 0.014872 seconds .

========================================================================
Received Import Request.
  Time since last request: 0.000304 seconds.
  path: Assets/Scenes/stra game/target.png
  artifactKey: Guid(55ddad08b46544f94935883d27c2c459) Importer(815301076,1909f56bfc062723c751e8b465ee728b)
Start importing Assets/Scenes/stra game/target.png using Guid(55ddad08b46544f94935883d27c2c459) Importer(815301076,1909f56bfc062723c751e8b465ee728b)  -> (artifact id: 'a5b13f9cd3a339ccad3b5a4fcc9fb7e4') in 0.014118 seconds 
  Import took 0.017336 seconds .

